[09:43:45] [ServerMain/INFO]: Environment: Environment[sessionHost=https://sessionserver.mojang.com, servicesHost=https://api.minecraftservices.com, name=PROD]
[09:43:47] [ServerMain/INFO]: Loaded 7 recipes
[09:43:47] [ServerMain/INFO]: Loaded 1271 advancements
[09:43:48] [Server thread/INFO]: Starting minecraft server version 1.20.4
[09:43:48] [Server thread/INFO]: Loading properties
[09:43:48] [Server thread/INFO]: Default game type: SURVIVAL
[09:43:48] [Server thread/INFO]: Generating keypair
[09:43:49] [Server thread/INFO]: Starting Minecraft server on *:25565
[09:43:49] [Server thread/INFO]: Using default channel type
[09:43:49] [Server thread/WARN]: **** SERVER IS RUNNING IN OFFLINE/INSECURE MODE!
[09:43:49] [Server thread/WARN]: The server will make no attempt to authenticate usernames. Beware.
[09:43:49] [Server thread/WARN]: While this makes the game possible to play without internet access, it also opens up the ability for hackers to connect with any username they choose.
[09:43:49] [Server thread/WARN]: To change this, set "online-mode" to "true" in the server.properties file.
[09:43:49] [Server thread/INFO]: Preparing level "world"
[09:43:53] [Server thread/INFO]: Preparing start region for dimension minecraft:overworld
[09:43:58] [Worker-Main-5/INFO]: Preparing spawn area: 0%
[09:43:58] [Worker-Main-3/INFO]: Preparing spawn area: 0%
[09:43:58] [Worker-Main-4/INFO]: Preparing spawn area: 0%
[09:43:59] [Worker-Main-4/INFO]: Preparing spawn area: 0%
[09:43:59] [Worker-Main-4/INFO]: Preparing spawn area: 0%
[09:43:59] [Worker-Main-6/INFO]: Preparing spawn area: 0%
[09:43:59] [Worker-Main-3/INFO]: Preparing spawn area: 0%
[09:43:59] [Worker-Main-4/INFO]: Preparing spawn area: 0%
[09:43:59] [Worker-Main-2/INFO]: Preparing spawn area: 0%
[09:43:59] [Worker-Main-6/INFO]: Preparing spawn area: 0%
[09:43:59] [Worker-Main-3/INFO]: Preparing spawn area: 0%
[09:43:59] [Worker-Main-3/INFO]: Preparing spawn area: 0%
[09:43:59] [Worker-Main-6/INFO]: Preparing spawn area: 0%
[09:43:59] [Worker-Main-7/INFO]: Preparing spawn area: 0%
[09:44:00] [Worker-Main-5/INFO]: Preparing spawn area: 0%
[09:44:00] [Worker-Main-4/INFO]: Preparing spawn area: 0%
[09:44:01] [Worker-Main-5/INFO]: Preparing spawn area: 16%
[09:44:01] [Worker-Main-4/INFO]: Preparing spawn area: 77%
[09:44:01] [Server thread/INFO]: Time elapsed: 8711 ms
[09:44:01] [Server thread/INFO]: Done (12.603s)! For help, type "help"
[09:45:21] [Server thread/INFO]: luteciorv[/26.189.197.166:54244] logged in with entity id 75 at (2.5, 87.0, 0.5)
[09:45:21] [Server thread/INFO]: luteciorv joined the game
[09:52:13] [Server thread/INFO]: luteciorv lost connection: Disconnected
[09:52:13] [Server thread/INFO]: luteciorv left the game
